C:\Program Files (x86)\Microsoft Visual Studio\2019\Community\MSBuild\Microsoft\VC\v160\Microsoft.CppBuild.targets(491,5): warning MSB8028: The intermediate directory (x64\Debug\) contains files shared from another project (TP1Ferme.vcxproj).  This can lead to incorrect clean and rebuild behavior.
  Partie.cpp
C:\Users\laure\Documents\GitHub\TP3_Jerome_Laurent\TP3_FlappyPapillon\TP1Ferme\Partie.cpp(1,1): warning C4819: The file contains a character that cannot be represented in the current code page (932). Save the file in Unicode format to prevent data loss
C:\Users\laure\Documents\GitHub\TP3_Jerome_Laurent\TP3_FlappyPapillon\TP1Ferme\Partie.cpp(178,35): warning C4838: conversion from 'double' to 'int' requires a narrowing conversion
C:\Users\laure\Documents\GitHub\TP3_Jerome_Laurent\TP3_FlappyPapillon\TP1Ferme\Partie.cpp(178,35): warning C4244: 'initializing': conversion from 'double' to 'int', possible loss of data
C:\Users\laure\Documents\GitHub\TP3_Jerome_Laurent\TP3_FlappyPapillon\TP1Ferme\Partie.cpp(178,50): warning C4838: conversion from 'double' to 'int' requires a narrowing conversion
C:\Users\laure\Documents\GitHub\TP3_Jerome_Laurent\TP3_FlappyPapillon\TP1Ferme\Partie.cpp(178,50): warning C4244: 'initializing': conversion from 'double' to 'int', possible loss of data
C:\Users\laure\Documents\GitHub\TP3_Jerome_Laurent\TP3_FlappyPapillon\TP1Ferme\Partie.cpp(178,70): warning C4838: conversion from 'double' to 'int' requires a narrowing conversion
C:\Users\laure\Documents\GitHub\TP3_Jerome_Laurent\TP3_FlappyPapillon\TP1Ferme\Partie.cpp(178,70): warning C4244: 'initializing': conversion from 'double' to 'int', possible loss of data
C:\Users\laure\Documents\GitHub\TP3_Jerome_Laurent\TP3_FlappyPapillon\TP1Ferme\Partie.cpp(178,91): warning C4838: conversion from 'double' to 'int' requires a narrowing conversion
C:\Users\laure\Documents\GitHub\TP3_Jerome_Laurent\TP3_FlappyPapillon\TP1Ferme\Partie.cpp(178,91): warning C4244: 'initializing': conversion from 'double' to 'int', possible loss of data
C:\Users\laure\Documents\GitHub\TP3_Jerome_Laurent\TP3_FlappyPapillon\TP1Ferme\Partie.cpp(184,42): warning C4838: conversion from 'double' to 'int' requires a narrowing conversion
C:\Users\laure\Documents\GitHub\TP3_Jerome_Laurent\TP3_FlappyPapillon\TP1Ferme\Partie.cpp(184,42): warning C4244: 'initializing': conversion from 'double' to 'int', possible loss of data
C:\Users\laure\Documents\GitHub\TP3_Jerome_Laurent\TP3_FlappyPapillon\TP1Ferme\Partie.cpp(184,60): warning C4838: conversion from 'double' to 'int' requires a narrowing conversion
C:\Users\laure\Documents\GitHub\TP3_Jerome_Laurent\TP3_FlappyPapillon\TP1Ferme\Partie.cpp(184,60): warning C4244: 'initializing': conversion from 'double' to 'int', possible loss of data
C:\Users\laure\Documents\GitHub\TP3_Jerome_Laurent\TP3_FlappyPapillon\TP1Ferme\Partie.cpp(184,83): warning C4838: conversion from 'double' to 'int' requires a narrowing conversion
C:\Users\laure\Documents\GitHub\TP3_Jerome_Laurent\TP3_FlappyPapillon\TP1Ferme\Partie.cpp(184,83): warning C4244: 'initializing': conversion from 'double' to 'int', possible loss of data
C:\Users\laure\Documents\GitHub\TP3_Jerome_Laurent\TP3_FlappyPapillon\TP1Ferme\Partie.cpp(184,107): warning C4838: conversion from 'double' to 'int' requires a narrowing conversion
C:\Users\laure\Documents\GitHub\TP3_Jerome_Laurent\TP3_FlappyPapillon\TP1Ferme\Partie.cpp(184,107): warning C4244: 'initializing': conversion from 'double' to 'int', possible loss of data
  TP1Ferme.vcxproj -> C:\Users\laure\Documents\GitHub\TP3_Jerome_Laurent\TP3_FlappyPapillon\x64\Debug\TP3.exe
